0 info it worked if it ends with ok
1 verbose cli [ '/usr/local/bin/iojs', '/usr/local/bin/npm', 'publish' ]
2 info using npm@3.7.2
3 info using node@v5.6.0
4 verbose publish [ '.' ]
5 silly cache add args [ '.', null ]
6 verbose cache add spec .
7 silly cache add parsed spec Result {
7 silly cache add   raw: '.',
7 silly cache add   scope: null,
7 silly cache add   name: null,
7 silly cache add   rawSpec: '.',
7 silly cache add   spec: '/Users/smacdonald/REPOS/googlr',
7 silly cache add   type: 'directory' }
8 verbose addLocalDirectory /Users/smacdonald/.npm/googlr/1.0.0/package.tgz not in flight; packing
9 verbose correctMkdir /Users/smacdonald/.npm correctMkdir not in flight; initializing
10 info lifecycle googlr@1.0.0~prepublish: googlr@1.0.0
11 silly lifecycle googlr@1.0.0~prepublish: no script for prepublish, continuing
12 verbose tar pack [ '/Users/smacdonald/.npm/googlr/1.0.0/package.tgz',
12 verbose tar pack   '/Users/smacdonald/REPOS/googlr' ]
13 verbose tarball /Users/smacdonald/.npm/googlr/1.0.0/package.tgz
14 verbose folder /Users/smacdonald/REPOS/googlr
15 verbose addLocalTarball adding from inside cache /Users/smacdonald/.npm/googlr/1.0.0/package.tgz
16 verbose correctMkdir /Users/smacdonald/.npm correctMkdir not in flight; initializing
17 silly cache afterAdd googlr@1.0.0
18 verbose afterAdd /Users/smacdonald/.npm/googlr/1.0.0/package/package.json not in flight; writing
19 verbose correctMkdir /Users/smacdonald/.npm correctMkdir not in flight; initializing
20 verbose afterAdd /Users/smacdonald/.npm/googlr/1.0.0/package/package.json written
21 silly publish { name: 'googlr',
21 silly publish   version: '1.0.0',
21 silly publish   description: 'Perform Google searches on the command line',
21 silly publish   main: 'index.js',
21 silly publish   scripts: { test: 'echo "Error: no test specified" && exit 1' },
21 silly publish   bin: { goog: 'index.js' },
21 silly publish   repository:
21 silly publish    { type: 'git',
21 silly publish      url: 'git+ssh://git@github.com/sean9999/googlr.git' },
21 silly publish   keywords: [ 'google', 'cli' ],
21 silly publish   author: { name: 'Sean Macdonald', email: 'sean@crazyhorsecoding.com' },
21 silly publish   license: 'ISC',
21 silly publish   bugs: { url: 'https://github.com/sean9999/googlr/issues' },
21 silly publish   homepage: 'https://github.com/sean9999/googlr#readme',
21 silly publish   dependencies:
21 silly publish    { 'bash-color': '0.0.3',
21 silly publish      'continuation-local-storage': '^3.1.4',
21 silly publish      'request-promise': '^1.0.1' },
21 silly publish   readme: '# googlr\nPerform Google searches from the command line\n',
21 silly publish   readmeFilename: 'README.md',
21 silly publish   gitHead: '14507b86b3b5a358cae0f3aa23b243dbf7e82742',
21 silly publish   _id: 'googlr@1.0.0',
21 silly publish   _shasum: 'd2b37f927909e8e8751ff3a90f39d247218e7b09',
21 silly publish   _from: '.' }
22 verbose getPublishConfig undefined
23 silly mapToRegistry name googlr
24 silly mapToRegistry scope (from config) @sean9999
25 silly mapToRegistry registry https://registry.npmjs.org/
26 silly mapToRegistry uri https://registry.npmjs.org/googlr
27 verbose publish registryBase https://registry.npmjs.org/
28 silly publish uploading /Users/smacdonald/.npm/googlr/1.0.0/package.tgz
29 verbose request uri https://registry.npmjs.org/googlr
30 verbose request sending authorization for write operation
31 info attempt registry request try #1 at 4:50:05 PM
32 verbose request using bearer token for auth
33 verbose request id 28dba30658ce2efd
34 http request PUT https://registry.npmjs.org/googlr
35 http 403 https://registry.npmjs.org/googlr
36 verbose headers { 'content-type': 'application/json',
36 verbose headers   'cache-control': 'max-age=300',
36 verbose headers   'content-length': '95',
36 verbose headers   'accept-ranges': 'bytes',
36 verbose headers   date: 'Tue, 16 Feb 2016 21:50:06 GMT',
36 verbose headers   via: '1.1 varnish',
36 verbose headers   connection: 'keep-alive',
36 verbose headers   'x-served-by': 'cache-ord1724-ORD',
36 verbose headers   'x-cache': 'MISS',
36 verbose headers   'x-cache-hits': '0',
36 verbose headers   'x-timer': 'S1455659405.722678,VS0,VE722' }
37 verbose request invalidating /Users/smacdonald/.npm/registry.npmjs.org/googlr on PUT
38 error publish Failed PUT 403
39 verbose stack Error: "You cannot publish over the previously published version 1.0.0." : googlr
39 verbose stack     at makeError (/usr/local/lib/node_modules/npm/node_modules/npm-registry-client/lib/request.js:264:12)
39 verbose stack     at CachingRegistryClient.<anonymous> (/usr/local/lib/node_modules/npm/node_modules/npm-registry-client/lib/request.js:252:14)
39 verbose stack     at Request._callback (/usr/local/lib/node_modules/npm/node_modules/npm-registry-client/lib/request.js:172:14)
39 verbose stack     at Request.self.callback (/usr/local/lib/node_modules/npm/node_modules/request/request.js:199:22)
39 verbose stack     at emitTwo (events.js:100:13)
39 verbose stack     at Request.emit (events.js:185:7)
39 verbose stack     at Request.<anonymous> (/usr/local/lib/node_modules/npm/node_modules/request/request.js:1036:10)
39 verbose stack     at emitOne (events.js:95:20)
39 verbose stack     at Request.emit (events.js:182:7)
39 verbose stack     at IncomingMessage.<anonymous> (/usr/local/lib/node_modules/npm/node_modules/request/request.js:963:12)
40 verbose statusCode 403
41 verbose pkgid googlr
42 verbose cwd /Users/smacdonald/REPOS/googlr
43 error Darwin 15.3.0
44 error argv "/usr/local/bin/iojs" "/usr/local/bin/npm" "publish"
45 error node v5.6.0
46 error npm  v3.7.2
47 error code E403
48 error "You cannot publish over the previously published version 1.0.0." : googlr
49 error If you need help, you may report this error at:
49 error     <https://github.com/npm/npm/issues>
50 verbose exit [ 1, true ]
